<?xml version="1.0" encoding="UTF-8"?>
<testng-results skipped="0" failed="0" ignored="0" total="1" passed="1">
  <reporter-output>
  </reporter-output>
  <suite name="TestSuite" duration-ms="30983" started-at="2020-10-05T19:00:58Z" finished-at="2020-10-05T19:01:29Z">
    <groups>
      <group name="cucumber">
        <method signature="AbstractTestNGCucumberTests.feature(cucumber.api.testng.CucumberFeatureWrapper)[pri:0, instance:TestRunner.TestRunnerNHS@4dfa3a9d]" name="feature" class="cucumber.api.testng.AbstractTestNGCucumberTests"/>
      </group> <!-- cucumber -->
    </groups>
    <test name="CostCheckTest" duration-ms="30983" started-at="2020-10-05T19:00:58Z" finished-at="2020-10-05T19:01:29Z">
      <class name="TestRunner.TestRunnerNHS">
        <test-method status="PASS" signature="setUpClass()[pri:0, instance:TestRunner.TestRunnerNHS@4dfa3a9d]" name="setUpClass" is-config="true" duration-ms="276" started-at="2020-10-05T19:00:58Z" finished-at="2020-10-05T19:00:58Z">
          <reporter-output>
          </reporter-output>
        </test-method> <!-- setUpClass -->
        <test-method status="PASS" signature="feature(cucumber.api.testng.CucumberFeatureWrapper)[pri:0, instance:TestRunner.TestRunnerNHS@4dfa3a9d]" name="feature" duration-ms="30560" started-at="2020-10-05T19:00:59Z" description="Runs Cucumber Feature" data-provider="features" finished-at="2020-10-05T19:01:29Z">
          <params>
            <param index="0">
              <value>
                <![CDATA[User from wales checks NHS cost]]>
              </value>
            </param>
          </params>
          <reporter-output>
          </reporter-output>
        </test-method> <!-- feature -->
        <test-method status="PASS" signature="tearDownClass()[pri:0, instance:TestRunner.TestRunnerNHS@4dfa3a9d]" name="tearDownClass" is-config="true" duration-ms="33" started-at="2020-10-05T19:01:29Z" finished-at="2020-10-05T19:01:29Z">
          <reporter-output>
          </reporter-output>
        </test-method> <!-- tearDownClass -->
      </class> <!-- TestRunner.TestRunnerNHS -->
    </test> <!-- CostCheckTest -->
  </suite> <!-- TestSuite -->
</testng-results>
